<?xml version="1.0" encoding="UTF-8"?>
<testsuite name="com.example.cve202324998.controller.FileUploadControllerTest" tests="1" skipped="0" failures="0" errors="0" timestamp="2023-03-16T04:35:56" hostname="yhchoi-PC.local" time="1.398">
  <properties/>
  <testcase name="fileUpload()" classname="com.example.cve202324998.controller.FileUploadControllerTest" time="1.398"/>
  <system-out><![CDATA[13:35:54.859 [Test worker] DEBUG org.springframework.test.context.BootstrapUtils - Instantiating CacheAwareContextLoaderDelegate from class [org.springframework.test.context.cache.DefaultCacheAwareContextLoaderDelegate]
13:35:54.865 [Test worker] DEBUG org.springframework.test.context.BootstrapUtils - Instantiating BootstrapContext using constructor [public org.springframework.test.context.support.DefaultBootstrapContext(java.lang.Class,org.springframework.test.context.CacheAwareContextLoaderDelegate)]
13:35:54.887 [Test worker] DEBUG org.springframework.test.context.BootstrapUtils - Instantiating TestContextBootstrapper for test class [com.example.cve202324998.controller.FileUploadControllerTest] from class [org.springframework.boot.test.context.SpringBootTestContextBootstrapper]
13:35:54.895 [Test worker] INFO org.springframework.boot.test.context.SpringBootTestContextBootstrapper - Neither @ContextConfiguration nor @ContextHierarchy found for test class [com.example.cve202324998.controller.FileUploadControllerTest], using SpringBootContextLoader
13:35:54.897 [Test worker] DEBUG org.springframework.test.context.support.AbstractContextLoader - Did not detect default resource location for test class [com.example.cve202324998.controller.FileUploadControllerTest]: class path resource [com/example/cve202324998/controller/FileUploadControllerTest-context.xml] does not exist
13:35:54.897 [Test worker] DEBUG org.springframework.test.context.support.AbstractContextLoader - Did not detect default resource location for test class [com.example.cve202324998.controller.FileUploadControllerTest]: class path resource [com/example/cve202324998/controller/FileUploadControllerTestContext.groovy] does not exist
13:35:54.897 [Test worker] INFO org.springframework.test.context.support.AbstractContextLoader - Could not detect default resource locations for test class [com.example.cve202324998.controller.FileUploadControllerTest]: no resource found for suffixes {-context.xml, Context.groovy}.
13:35:54.897 [Test worker] INFO org.springframework.test.context.support.AnnotationConfigContextLoaderUtils - Could not detect default configuration classes for test class [com.example.cve202324998.controller.FileUploadControllerTest]: FileUploadControllerTest does not declare any static, non-private, non-final, nested classes annotated with @Configuration.
13:35:54.937 [Test worker] DEBUG org.springframework.test.context.support.ActiveProfilesUtils - Could not find an 'annotation declaring class' for annotation type [org.springframework.test.context.ActiveProfiles] and class [com.example.cve202324998.controller.FileUploadControllerTest]
13:35:54.975 [Test worker] DEBUG org.springframework.context.annotation.ClassPathScanningCandidateComponentProvider - Identified candidate component class: file [/Users/yhchoi/workspace/CVE-2023-24998/build/classes/java/main/com/example/cve202324998/Cve202324998Application.class]
13:35:54.976 [Test worker] INFO org.springframework.boot.test.context.SpringBootTestContextBootstrapper - Found @SpringBootConfiguration com.example.cve202324998.Cve202324998Application for test class com.example.cve202324998.controller.FileUploadControllerTest
13:35:55.032 [Test worker] DEBUG org.springframework.boot.test.context.SpringBootTestContextBootstrapper - @TestExecutionListeners is not present for class [com.example.cve202324998.controller.FileUploadControllerTest]: using defaults.
13:35:55.032 [Test worker] INFO org.springframework.boot.test.context.SpringBootTestContextBootstrapper - Loaded default TestExecutionListener class names from location [META-INF/spring.factories]: [org.springframework.boot.test.autoconfigure.restdocs.RestDocsTestExecutionListener, org.springframework.boot.test.autoconfigure.web.client.MockRestServiceServerResetTestExecutionListener, org.springframework.boot.test.autoconfigure.web.servlet.MockMvcPrintOnlyOnFailureTestExecutionListener, org.springframework.boot.test.autoconfigure.web.servlet.WebDriverTestExecutionListener, org.springframework.boot.test.autoconfigure.webservices.client.MockWebServiceServerTestExecutionListener, org.springframework.boot.test.mock.mockito.MockitoTestExecutionListener, org.springframework.boot.test.mock.mockito.ResetMocksTestExecutionListener, org.springframework.test.context.web.ServletTestExecutionListener, org.springframework.test.context.support.DirtiesContextBeforeModesTestExecutionListener, org.springframework.test.context.event.ApplicationEventsTestExecutionListener, org.springframework.test.context.support.DependencyInjectionTestExecutionListener, org.springframework.test.context.support.DirtiesContextTestExecutionListener, org.springframework.test.context.transaction.TransactionalTestExecutionListener, org.springframework.test.context.jdbc.SqlScriptsTestExecutionListener, org.springframework.test.context.event.EventPublishingTestExecutionListener]
13:35:55.039 [Test worker] DEBUG org.springframework.boot.test.context.SpringBootTestContextBootstrapper - Skipping candidate TestExecutionListener [org.springframework.test.context.transaction.TransactionalTestExecutionListener] due to a missing dependency. Specify custom listener classes or make the default listener classes and their required dependencies available. Offending class: [org/springframework/transaction/interceptor/TransactionAttributeSource]
13:35:55.040 [Test worker] DEBUG org.springframework.boot.test.context.SpringBootTestContextBootstrapper - Skipping candidate TestExecutionListener [org.springframework.test.context.jdbc.SqlScriptsTestExecutionListener] due to a missing dependency. Specify custom listener classes or make the default listener classes and their required dependencies available. Offending class: [org/springframework/transaction/interceptor/TransactionAttribute]
13:35:55.040 [Test worker] INFO org.springframework.boot.test.context.SpringBootTestContextBootstrapper - Using TestExecutionListeners: [org.springframework.test.context.web.ServletTestExecutionListener@b2c5e07, org.springframework.test.context.support.DirtiesContextBeforeModesTestExecutionListener@5812f68b, org.springframework.test.context.event.ApplicationEventsTestExecutionListener@4426bff1, org.springframework.boot.test.mock.mockito.MockitoTestExecutionListener@3c7c886c, org.springframework.boot.test.autoconfigure.SpringBootDependencyInjectionTestExecutionListener@55493582, org.springframework.test.context.support.DirtiesContextTestExecutionListener@1a20270e, org.springframework.test.context.event.EventPublishingTestExecutionListener@6b88ca8c, org.springframework.boot.test.autoconfigure.restdocs.RestDocsTestExecutionListener@336f1079, org.springframework.boot.test.autoconfigure.web.client.MockRestServiceServerResetTestExecutionListener@2f16c6b3, org.springframework.boot.test.autoconfigure.web.servlet.MockMvcPrintOnlyOnFailureTestExecutionListener@34158c08, org.springframework.boot.test.autoconfigure.web.servlet.WebDriverTestExecutionListener@19e4fcac, org.springframework.boot.test.autoconfigure.webservices.client.MockWebServiceServerTestExecutionListener@52c3cb31, org.springframework.boot.test.mock.mockito.ResetMocksTestExecutionListener@4b79ac84]
13:35:55.042 [Test worker] DEBUG org.springframework.test.context.support.AbstractDirtiesContextTestExecutionListener - Before test class: context [DefaultTestContext@335b5620 testClass = FileUploadControllerTest, testInstance = [null], testMethod = [null], testException = [null], mergedContextConfiguration = [WebMergedContextConfiguration@29a0cdb testClass = FileUploadControllerTest, locations = '{}', classes = '{class com.example.cve202324998.Cve202324998Application}', contextInitializerClasses = '[]', activeProfiles = '{}', propertySourceLocations = '{}', propertySourceProperties = '{org.springframework.boot.test.context.SpringBootTestContextBootstrapper=true}', contextCustomizers = set[org.springframework.boot.test.autoconfigure.actuate.metrics.MetricsExportContextCustomizerFactory$DisableMetricExportContextCustomizer@6d60fe40, org.springframework.boot.test.autoconfigure.properties.PropertyMappingContextCustomizer@4b3fa0b3, org.springframework.boot.test.autoconfigure.web.servlet.WebDriverContextCustomizerFactory$Customizer@4a8355dd, [ImportsContextCustomizer@32a68f4f key = [org.springframework.boot.test.autoconfigure.web.servlet.MockMvcAutoConfiguration, org.springframework.boot.test.autoconfigure.web.servlet.MockMvcWebClientAutoConfiguration, org.springframework.boot.test.autoconfigure.web.servlet.MockMvcWebDriverAutoConfiguration, org.springframework.boot.autoconfigure.security.oauth2.client.servlet.OAuth2ClientAutoConfiguration, org.springframework.boot.autoconfigure.security.oauth2.resource.servlet.OAuth2ResourceServerAutoConfiguration, org.springframework.boot.autoconfigure.security.servlet.SecurityAutoConfiguration, org.springframework.boot.autoconfigure.security.servlet.SecurityFilterAutoConfiguration, org.springframework.boot.autoconfigure.security.servlet.UserDetailsServiceAutoConfiguration, org.springframework.boot.test.autoconfigure.web.servlet.MockMvcSecurityConfiguration, org.springframework.boot.test.autoconfigure.web.reactive.WebTestClientAutoConfiguration]], org.springframework.boot.test.context.filter.ExcludeFilterContextCustomizer@68c9d179, org.springframework.boot.test.json.DuplicateJsonObjectContextCustomizerFactory$DuplicateJsonObjectContextCustomizer@14fc5f04, org.springframework.boot.test.mock.mockito.MockitoContextCustomizer@0, org.springframework.boot.test.web.client.TestRestTemplateContextCustomizer@23f5b5dc, org.springframework.boot.test.context.SpringBootTestArgs@1, org.springframework.boot.test.context.SpringBootTestWebEnvironment@7c469c48], resourceBasePath = 'src/main/webapp', contextLoader = 'org.springframework.boot.test.context.SpringBootContextLoader', parent = [null]], attributes = map['org.springframework.test.context.web.ServletTestExecutionListener.activateListener' -> true]], class annotated with @DirtiesContext [false] with mode [null].

  .   ____          _            __ _ _
 /\\ / ___'_ __ _ _(_)_ __  __ _ \ \ \ \
( ( )\___ | '_ | '_| | '_ \/ _` | \ \ \ \
 \\/  ___)| |_)| | | | | || (_| |  ) ) ) )
  '  |____| .__|_| |_|_| |_\__, | / / / /
 =========|_|==============|___/=/_/_/_/
 :: Spring Boot ::                (v2.7.9)

2023-03-16 13:35:55.271  INFO 40901 --- [    Test worker] c.e.c.c.FileUploadControllerTest         : Starting FileUploadControllerTest using Java 1.8.0_345 on yhchoi-PC.local with PID 40901 (started by yhchoi in /Users/yhchoi/workspace/CVE-2023-24998)
2023-03-16 13:35:55.271  INFO 40901 --- [    Test worker] c.e.c.c.FileUploadControllerTest         : No active profile set, falling back to 1 default profile: "default"
2023-03-16 13:35:56.171  INFO 40901 --- [    Test worker] o.s.b.t.m.w.SpringBootMockServletContext : Initializing Spring TestDispatcherServlet ''
2023-03-16 13:35:56.171  INFO 40901 --- [    Test worker] o.s.t.web.servlet.TestDispatcherServlet  : Initializing Servlet ''
2023-03-16 13:35:56.171  INFO 40901 --- [    Test worker] o.s.t.web.servlet.TestDispatcherServlet  : Completed initialization in 0 ms
2023-03-16 13:35:56.184  INFO 40901 --- [    Test worker] c.e.c.c.FileUploadControllerTest         : Started FileUploadControllerTest in 1.118 seconds (JVM running for 1.85)
2023-03-16 13:35:57.564  INFO 40901 --- [    Test worker] c.e.c.controller.FileUploadController    : MultipartFile[] fileData :: 10
2023-03-16 13:35:57.565  INFO 40901 --- [    Test worker] c.e.c.controller.FileUploadController    : MultiValueMap<String, String> textData :: 100000
]]></system-out>
  <system-err><![CDATA[]]></system-err>
</testsuite>
